<?xml version="1.0" encoding="UTF-8"?>
<!-- Generated by org.testng.reporters.JUnitReportReporter -->
<testsuite hostname="DESKTOP-40Q4UOK" failures="0" tests="1" name="com.newage.vaadinDemo.UserInterface" time="0.008" errors="0" timestamp="2024-02-09T12:01:29 IST" skipped="0">
  <testcase classname="com.newage.vaadinDemo.UserInterface" name="f" time="0.008"/>
</testsuite> <!-- com.newage.vaadinDemo.UserInterface -->
